\BOOKMARK [-1][-]{part.1}{I\040Case\040studies\040and\040Demos}{}% 1
\BOOKMARK [0][-]{chapter.1}{Introduction}{part.1}% 2
\BOOKMARK [1][-]{section.1.1}{Prerequisite:}{chapter.1}% 3
\BOOKMARK [2][-]{subsection.1.1.1}{Google\040Colab\040for\040Python\040Code}{section.1.1}% 4
\BOOKMARK [2][-]{subsection.1.1.2}{Python\040Local\040Installation}{section.1.1}% 5
\BOOKMARK [0][-]{chapter.2}{Case:\040Retail\040analytics\040-\040Rue\040La\040La}{part.1}% 6
\BOOKMARK [1][-]{section.2.1}{Overview\040of\040the\040case:}{chapter.2}% 7
\BOOKMARK [1][-]{section.2.2}{Demo:\040Simplified\040retail\040prediction\040pipeline\040for\040a\040single\040item}{chapter.2}% 8
\BOOKMARK [2][-]{subsection.2.2.1}{Block\0401:\040Data\040input}{section.2.2}% 9
\BOOKMARK [2][-]{subsection.2.2.2}{Block\0402:\040Feature\040engineering\040&\040preparation}{section.2.2}% 10
\BOOKMARK [2][-]{subsection.2.2.3}{Block\0403:\040Model\040&\040algorithm\040\(training\040&\040testing\)}{section.2.2}% 11
\BOOKMARK [2][-]{subsection.2.2.4}{Block\0404:\040Model\040selection}{section.2.2}% 12
\BOOKMARK [2][-]{subsection.2.2.5}{Save\040trained\040models}{section.2.2}% 13
\BOOKMARK [1][-]{section.2.3}{Module\0401A:\040Retail\040predictive\040model\040pipeline\040for\040multiple\040items}{chapter.2}% 14
\BOOKMARK [2][-]{subsection.2.3.1}{Supplement\040-\040Plot\040functions\040\(this\040is\040a\040pre-built\040plot\040function\)}{section.2.3}% 15
\BOOKMARK [2][-]{subsection.2.3.2}{Block\0401:\040Data\040input}{section.2.3}% 16
\BOOKMARK [2][-]{subsection.2.3.3}{Block\0402:\040Feature\040engineering\040&\040preparation}{section.2.3}% 17
\BOOKMARK [2][-]{subsection.2.3.4}{Block\0403:\040Model\040&\040algorithm\040\(training\040&\040testing\)}{section.2.3}% 18
\BOOKMARK [2][-]{subsection.2.3.5}{Block\0404:\040Model\040selection}{section.2.3}% 19
\BOOKMARK [2][-]{subsection.2.3.6}{Save\040trained\040models}{section.2.3}% 20
\BOOKMARK [1][-]{section.2.4}{Module\0401B:\040Predicting\040demands\040from\040trained\040models\040for\040decision\040models}{chapter.2}% 21
\BOOKMARK [2][-]{subsection.2.4.1}{1.\040Data\040input}{section.2.4}% 22
\BOOKMARK [2][-]{subsection.2.4.2}{2.\040Model\040retrieval}{section.2.4}% 23
\BOOKMARK [2][-]{subsection.2.4.3}{3.\040Demand\040forecasting}{section.2.4}% 24
\BOOKMARK [1][-]{section.2.5}{Module\0402A:\040Retail\040price\040optimization\040-\040Simple\040Explicit\040Model}{chapter.2}% 25
\BOOKMARK [2][-]{subsection.2.5.1}{Blocks\0401\040&\0402:\040Data\040input\040&\040input\040parameters}{section.2.5}% 26
\BOOKMARK [2][-]{subsection.2.5.2}{Block\0403:\040Create\040an\040optimization\040model}{section.2.5}% 27
\BOOKMARK [3][-]{subsubsection*.3}{Block\0403.1:\040Variable\040declarations}{subsection.2.5.2}% 28
\BOOKMARK [3][-]{subsubsection*.4}{Block\0403.2:\040Adding\040an\040objective\040function}{subsection.2.5.2}% 29
\BOOKMARK [2][-]{subsection.2.5.3}{Block\0403.2:\040Adding\040constraints}{section.2.5}% 30
\BOOKMARK [2][-]{subsection.2.5.4}{Block\0404:\040Solution\040and\040results}{section.2.5}% 31
\BOOKMARK [1][-]{section.2.6}{Module\0402B:\040Retail\040price\040optimization\040-\040Automated\040Implicit\040Model}{chapter.2}% 32
\BOOKMARK [2][-]{subsection.2.6.1}{Block\0401:\040Data\040input}{section.2.6}% 33
\BOOKMARK [2][-]{subsection.2.6.2}{Block\0402:\040Prepare\040input\040parameters\040for\040the\040model}{section.2.6}% 34
\BOOKMARK [2][-]{subsection.2.6.3}{Block\0403:\040Create\040an\040optimization\040model}{section.2.6}% 35
\BOOKMARK [3][-]{subsubsection*.5}{Block\0403.1:\040Variable\040declarations}{subsection.2.6.3}% 36
\BOOKMARK [3][-]{subsubsection*.6}{Block\0403.2:\040Adding\040an\040objective\040function}{subsection.2.6.3}% 37
\BOOKMARK [3][-]{subsubsection*.7}{Block\0403.3:\040Adding\040constraints}{subsection.2.6.3}% 38
\BOOKMARK [2][-]{subsection.2.6.4}{Block\0404:\040Solution\040and\040results}{section.2.6}% 39
\BOOKMARK [0][-]{chapter.3}{Case:\040Online\040fulfillment\040-\040US\040online\040retail}{part.1}% 40
\BOOKMARK [1][-]{section.3.1}{Overview\040of\040the\040case:}{chapter.3}% 41
\BOOKMARK [1][-]{section.3.2}{Demo:\040Online\040Fulfillment}{chapter.3}% 42
\BOOKMARK [2][-]{subsection.3.2.1}{Blocks\0401&2:\040Data\040input\040and\040parameters}{section.3.2}% 43
\BOOKMARK [2][-]{subsection.3.2.2}{Block\0403:\040Create\040an\040optimization\040model}{section.3.2}% 44
\BOOKMARK [3][-]{subsubsection*.8}{Block\0403.1:\040Variable\040declarations}{subsection.3.2.2}% 45
\BOOKMARK [3][-]{subsubsection*.9}{Block\0403.2:\040Objective\040function}{subsection.3.2.2}% 46
\BOOKMARK [3][-]{subsubsection*.10}{Block\0403.3:\040Constraints\040functions}{subsection.3.2.2}% 47
\BOOKMARK [2][-]{subsection.3.2.3}{Block\0404:\040Solution\040and\040results}{section.3.2}% 48
\BOOKMARK [0][-]{chapter.4}{Case:\040Disruption\040Analytics\040-\040Ford\040Motor}{part.1}% 49
\BOOKMARK [1][-]{section.4.1}{Overview\040of\040the\040case:}{chapter.4}% 50
\BOOKMARK [1][-]{section.4.2}{Demo:\040Supply\040Chain\040Distruption\040Risk\040Analytics}{chapter.4}% 51
\BOOKMARK [2][-]{subsection.4.2.1}{Blocks\0401&2:\040Data\040inputs\040and\040parameters}{section.4.2}% 52
\BOOKMARK [2][-]{subsection.4.2.2}{Blocks\0403\040&\0404:\040Optimization\040model\040&\040results}{section.4.2}% 53
\BOOKMARK [3][-]{subsubsection*.11}{Block\0403A:\040TTR\040Model:}{subsection.4.2.2}% 54
\BOOKMARK [3][-]{subsubsection*.12}{Block\0404:\040Solution\040and\040results}{subsection.4.2.2}% 55
\BOOKMARK [3][-]{subsubsection*.13}{Block\0403B:\040TTS\040Model:}{subsection.4.2.2}% 56
\BOOKMARK [3][-]{subsubsection*.14}{Block\0404:\040Solution\040and\040results}{subsection.4.2.2}% 57
\BOOKMARK [-1][-]{part.2}{II\040Additional\040Examples\040of\040Analytics\040Techniques\040in\040Supply\040Chains}{}% 58
\BOOKMARK [0][-]{chapter.5}{\(R,\040s,\040S\)\040Inventory\040Simulation}{part.2}% 59
\BOOKMARK [0][-]{chapter.6}{Inventory\040simulation\040using\040pandas}{part.2}% 60
\BOOKMARK [1][-]{section.6.1}{Step\0401:\040Reading\040data}{chapter.6}% 61
\BOOKMARK [1][-]{section.6.2}{Step\0402:\040Simulation\040and\040output\040a\040DataFrame\040object}{chapter.6}% 62
\BOOKMARK [1][-]{section.6.3}{Step\0403:\040Plotting\040data}{chapter.6}% 63
\BOOKMARK [1][-]{section.6.4}{Step\0404:\040Summarizing\040the\040results}{chapter.6}% 64
\BOOKMARK [1][-]{section.6.5}{Playing\040with\040the\040code:}{chapter.6}% 65
\BOOKMARK [0][-]{chapter.7}{Demo:\040Bass\040Diffusion\040Model}{part.2}% 66
\BOOKMARK [1][-]{section.7.1}{Regression\040for\040Bass\040parameters\040estimation}{chapter.7}% 67
